[debug] [2020-02-17T18:57:22.604Z] ----------------------------------------------------------------------
[debug] [2020-02-17T18:57:22.605Z] Command:       /usr/local/bin/node /usr/local/bin/firebase init
[debug] [2020-02-17T18:57:22.605Z] CLI Version:   7.13.0
[debug] [2020-02-17T18:57:22.605Z] Platform:      darwin
[debug] [2020-02-17T18:57:22.605Z] Node Version:  v12.4.0
[debug] [2020-02-17T18:57:22.606Z] Time:          Mon Feb 17 2020 13:57:22 GMT-0500 (Eastern Standard Time)
[debug] [2020-02-17T18:57:22.606Z] ----------------------------------------------------------------------
[debug] [2020-02-17T18:57:22.606Z] 
[debug] [2020-02-17T18:57:22.610Z] > command requires scopes: ["email","openid","https://www.googleapis.com/auth/cloudplatformprojects.readonly","https://www.googleapis.com/auth/firebase","https://www.googleapis.com/auth/cloud-platform"]
[debug] [2020-02-17T18:57:22.610Z] > authorizing via signed-in user
[info] 
     ######## #### ########  ######## ########     ###     ######  ########
     ##        ##  ##     ## ##       ##     ##  ##   ##  ##       ##
     ######    ##  ########  ######   ########  #########  ######  ######
     ##        ##  ##    ##  ##       ##     ## ##     ##       ## ##
     ##       #### ##     ## ######## ########  ##     ##  ######  ########

You're about to initialize a Firebase project in this directory:

  /Users/mattgennings/Desktop/Playground-2020

[info] 
=== Project Setup
[info] 
[info] First, let's associate this project directory with a Firebase project.
[info] You can create multiple project aliases by running firebase use --add, 
[info] but for now we'll just set up a default project.
[info] 
[debug] [2020-02-17T18:57:27.530Z] > refreshing access token with scopes: ["email","https://www.googleapis.com/auth/cloud-platform","https://www.googleapis.com/auth/cloudplatformprojects.readonly","https://www.googleapis.com/auth/firebase","openid"]
[debug] [2020-02-17T18:57:27.530Z] >>> HTTP REQUEST POST https://www.googleapis.com/oauth2/v3/token  
 <request body omitted>
[debug] [2020-02-17T18:57:27.692Z] <<< HTTP RESPONSE 400
[debug] [2020-02-17T18:57:27.694Z] >>> HTTP REQUEST GET https://firebase.googleapis.com/v1beta1/projects?pageSize=100  
 
[debug] [2020-02-17T18:57:27.784Z] <<< HTTP RESPONSE 401
[debug] [2020-02-17T18:57:27.784Z] <<< HTTP RESPONSE BODY
[debug] [2020-02-17T18:57:27.785Z] HTTP Error: 401, Request had invalid authentication credentials. Expected OAuth 2 access token, login cookie or other valid authentication credential. See https://developers.google.com/identity/sign-in/web/devconsole-project.
[debug] [2020-02-17T18:57:27.867Z] FirebaseError: HTTP Error: 401, Request had invalid authentication credentials. Expected OAuth 2 access token, login cookie or other valid authentication credential. See https://developers.google.com/identity/sign-in/web/devconsole-project.
    at module.exports (/usr/local/lib/node_modules/firebase-tools/lib/responseToError.js:38:12)
    at Request._callback (/usr/local/lib/node_modules/firebase-tools/lib/api.js:39:35)
    at Request.self.callback (/usr/local/lib/node_modules/firebase-tools/node_modules/request/request.js:185:22)
    at Request.emit (events.js:200:13)
    at Request.EventEmitter.emit (domain.js:471:20)
    at Request.<anonymous> (/usr/local/lib/node_modules/firebase-tools/node_modules/request/request.js:1154:10)
    at Request.emit (events.js:200:13)
    at Request.EventEmitter.emit (domain.js:471:20)
    at IncomingMessage.<anonymous> (/usr/local/lib/node_modules/firebase-tools/node_modules/request/request.js:1076:12)
    at Object.onceWrapper (events.js:288:20)
    at IncomingMessage.emit (events.js:205:15)
    at IncomingMessage.EventEmitter.emit (domain.js:471:20)
    at endReadableNT (_stream_readable.js:1154:12)
    at processTicksAndRejections (internal/process/task_queues.js:84:9)
[error] 
[error] Error: Failed to list Firebase projects. See firebase-debug.log for more info.
[debug] [2020-02-17T18:57:30.794Z] ----------------------------------------------------------------------
[debug] [2020-02-17T18:57:30.795Z] Command:       /usr/local/bin/node /usr/local/bin/firebase init
[debug] [2020-02-17T18:57:30.795Z] CLI Version:   7.13.0
[debug] [2020-02-17T18:57:30.795Z] Platform:      darwin
[debug] [2020-02-17T18:57:30.795Z] Node Version:  v12.4.0
[debug] [2020-02-17T18:57:30.796Z] Time:          Mon Feb 17 2020 13:57:30 GMT-0500 (Eastern Standard Time)
[debug] [2020-02-17T18:57:30.796Z] ----------------------------------------------------------------------
[debug] [2020-02-17T18:57:30.796Z] 
[debug] [2020-02-17T18:57:30.800Z] > command requires scopes: ["email","openid","https://www.googleapis.com/auth/cloudplatformprojects.readonly","https://www.googleapis.com/auth/firebase","https://www.googleapis.com/auth/cloud-platform"]
[debug] [2020-02-17T18:57:30.800Z] > authorizing via signed-in user
[info] 
     ######## #### ########  ######## ########     ###     ######  ########
     ##        ##  ##     ## ##       ##     ##  ##   ##  ##       ##
     ######    ##  ########  ######   ########  #########  ######  ######
     ##        ##  ##    ##  ##       ##     ## ##     ##       ## ##
     ##       #### ##     ## ######## ########  ##     ##  ######  ########

You're about to initialize a Firebase project in this directory:

  /Users/mattgennings/Desktop/Playground-2020

[info] 
=== Project Setup
[info] 
[info] First, let's associate this project directory with a Firebase project.
[info] You can create multiple project aliases by running firebase use --add, 
[info] but for now we'll just set up a default project.
[info] 
[info] i  If you want to create a project in a Google Cloud organization or folder, please use "firebase projects:create" instead, and return to this command when you've created the project.
[debug] [2020-02-17T18:58:11.050Z] > refreshing access token with scopes: ["email","https://www.googleapis.com/auth/cloud-platform","https://www.googleapis.com/auth/cloudplatformprojects.readonly","https://www.googleapis.com/auth/firebase","openid"]
[debug] [2020-02-17T18:58:11.050Z] >>> HTTP REQUEST POST https://www.googleapis.com/oauth2/v3/token  
 <request body omitted>
[debug] [2020-02-17T18:58:11.209Z] <<< HTTP RESPONSE 400
[debug] [2020-02-17T18:58:11.211Z] >>> HTTP REQUEST POST https://cloudresourcemanager.googleapis.com/v1/projects  

[debug] [2020-02-17T18:58:11.429Z] <<< HTTP RESPONSE 401
[debug] [2020-02-17T18:58:11.429Z] <<< HTTP RESPONSE BODY
[debug] [2020-02-17T18:58:11.430Z] HTTP Error: 401, Request had invalid authentication credentials. Expected OAuth 2 access token, login cookie or other valid authentication credential. See https://developers.google.com/identity/sign-in/web/devconsole-project.
[debug] [2020-02-17T18:58:11.558Z] FirebaseError: HTTP Error: 401, Request had invalid authentication credentials. Expected OAuth 2 access token, login cookie or other valid authentication credential. See https://developers.google.com/identity/sign-in/web/devconsole-project.
    at module.exports (/usr/local/lib/node_modules/firebase-tools/lib/responseToError.js:38:12)
    at Request._callback (/usr/local/lib/node_modules/firebase-tools/lib/api.js:39:35)
    at Request.self.callback (/usr/local/lib/node_modules/firebase-tools/node_modules/request/request.js:185:22)
    at Request.emit (events.js:200:13)
    at Request.EventEmitter.emit (domain.js:471:20)
    at Request.<anonymous> (/usr/local/lib/node_modules/firebase-tools/node_modules/request/request.js:1154:10)
    at Request.emit (events.js:200:13)
    at Request.EventEmitter.emit (domain.js:471:20)
    at IncomingMessage.<anonymous> (/usr/local/lib/node_modules/firebase-tools/node_modules/request/request.js:1076:12)
    at Object.onceWrapper (events.js:288:20)
    at IncomingMessage.emit (events.js:205:15)
    at IncomingMessage.EventEmitter.emit (domain.js:471:20)
    at endReadableNT (_stream_readable.js:1154:12)
    at processTicksAndRejections (internal/process/task_queues.js:84:9)
[error] 
[error] Error: Failed to create Google Cloud project. See firebase-debug.log for more info.
